app/build/intermediates/manifest_merge_blame_file/debug/manifest-merger-blame-debug-report.txt
1<?xml version="1.0" encoding="utf-8"?>
2<manifest xmlns:android="http://schemas.android.com/apk/res/android"
3    package="com.example.globaltrainingapp_11"
4    android:versionCode="1"
5    android:versionName="1.0" >
6
7    <uses-sdk
7-->src\main\AndroidManifest.xml:8:5-10:41
8        android:minSdkVersion="23"
8-->src\main\AndroidManifest.xml:9:9-35
9        android:targetSdkVersion="32" />
9-->src\main\AndroidManifest.xml:10:9-38
10
11    <uses-permission android:name="android.permission.INTERNET" />
11-->src\main\AndroidManifest.xml:6:5-67
11-->src\main\AndroidManifest.xml:6:22-64
12
13    <queries>
13-->src\main\AndroidManifest.xml:96:5-100:15
14        <intent>
14-->src\main\AndroidManifest.xml:97:9-99:18
15            <action android:name="com.google.android.youtube.api.service.START" />
15-->src\main\AndroidManifest.xml:98:13-83
15-->src\main\AndroidManifest.xml:98:21-80
16        </intent>
17    </queries>
18
19    <application
19-->src\main\AndroidManifest.xml:12:5-93:19
20        android:name="com.example.globaltrainingapp_11.utils.globalTrainingApp"
20-->src\main\AndroidManifest.xml:13:9-48
21        android:allowBackup="true"
21-->src\main\AndroidManifest.xml:14:9-35
22        android:appComponentFactory="androidx.core.app.CoreComponentFactory"
22-->src\main\AndroidManifest.xml:15:9-77
23        android:debuggable="true"
24        android:extractNativeLibs="false"
24-->src\main\AndroidManifest.xml:17:9-42
25        android:icon="@mipmap/ic_launcher"
25-->src\main\AndroidManifest.xml:18:9-43
26        android:label="@string/app_name"
26-->src\main\AndroidManifest.xml:19:9-41
27        android:roundIcon="@mipmap/ic_launcher_round"
27-->src\main\AndroidManifest.xml:20:9-54
28        android:supportsRtl="true"
28-->src\main\AndroidManifest.xml:21:9-35
29        android:testOnly="true"
29-->src\main\AndroidManifest.xml:22:9-32
30        android:theme="@style/Theme.GlobalTrainingApp_11" >
30-->src\main\AndroidManifest.xml:23:9-58
31
32        <!--
33        ><activity
34            android:name="com.example.globaltrainingapp_11.SplashActivity"
35            android:exported="true">
36            <intent-filter>
37                <action android:name="android.intent.action.MAIN" />
38
39                <category android:name="android.intent.category.LAUNCHER" />
40            </intent-filter>
41        </activity>
42        -->
43
44        <activity
44-->src\main\AndroidManifest.xml:37:9-39:40
45            android:name="com.example.globaltrainingapp_11.TecnicaYoutubeActivity"
45-->src\main\AndroidManifest.xml:38:13-83
46            android:exported="false" />
46-->src\main\AndroidManifest.xml:39:13-37
47        <activity
47-->src\main\AndroidManifest.xml:41:9-43:40
48            android:name="com.example.globaltrainingapp_11.presentacion.LoginActivity"
48-->src\main\AndroidManifest.xml:42:13-87
49            android:exported="false" />
49-->src\main\AndroidManifest.xml:43:13-37
50        <activity
50-->src\main\AndroidManifest.xml:44:9-46:40
51            android:name="com.example.globaltrainingapp_11.presentacion.EntrenamientoActivity"
51-->src\main\AndroidManifest.xml:45:13-95
52            android:exported="false" />
52-->src\main\AndroidManifest.xml:46:13-37
53        <activity
53-->src\main\AndroidManifest.xml:47:9-49:40
54            android:name="com.example.globaltrainingapp_11.presentacion.RegisterActivity"
54-->src\main\AndroidManifest.xml:48:13-90
55            android:exported="false" />
55-->src\main\AndroidManifest.xml:49:13-37
56        <activity
56-->src\main\AndroidManifest.xml:50:9-52:40
57            android:name="com.example.globaltrainingapp_11.presentacion.Entrenamiento_2_Activity"
57-->src\main\AndroidManifest.xml:51:13-98
58            android:exported="false" />
58-->src\main\AndroidManifest.xml:52:13-37
59        <activity
59-->src\main\AndroidManifest.xml:53:9-63:20
60            android:name="com.example.globaltrainingapp_11.MainActivityNavDrawer"
60-->src\main\AndroidManifest.xml:54:13-82
61            android:exported="true"
61-->src\main\AndroidManifest.xml:55:13-36
62            android:label="@string/title_activity_main_nav_drawer"
62-->src\main\AndroidManifest.xml:56:13-67
63            android:theme="@style/Theme.GlobalTrainingApp_11.NoActionBar" >
63-->src\main\AndroidManifest.xml:57:13-74
64            <intent-filter>
64-->src\main\AndroidManifest.xml:58:13-62:29
65                <action android:name="android.intent.action.MAIN" />
65-->src\main\AndroidManifest.xml:59:17-69
65-->src\main\AndroidManifest.xml:59:25-66
66
67                <category android:name="android.intent.category.LAUNCHER" />
67-->src\main\AndroidManifest.xml:61:17-77
67-->src\main\AndroidManifest.xml:61:27-74
68            </intent-filter>
69        </activity>
70
71        <uses-library
71-->src\main\AndroidManifest.xml:65:9-67:40
72            android:name="androidx.window.extensions"
72-->src\main\AndroidManifest.xml:66:13-54
73            android:required="false" />
73-->src\main\AndroidManifest.xml:67:13-37
74        <uses-library
74-->src\main\AndroidManifest.xml:68:9-70:40
75            android:name="androidx.window.sidecar"
75-->src\main\AndroidManifest.xml:69:13-51
76            android:required="false" />
76-->src\main\AndroidManifest.xml:70:13-37
77
78        <provider
78-->src\main\AndroidManifest.xml:72:9-75:40
79            android:name="com.squareup.picasso.PicassoProvider"
79-->src\main\AndroidManifest.xml:73:13-64
80            android:authorities="com.example.globaltrainingapp_11.com.squareup.picasso"
80-->src\main\AndroidManifest.xml:74:13-88
81            android:exported="false" />
81-->src\main\AndroidManifest.xml:75:13-37
82
83        <service
83-->src\main\AndroidManifest.xml:77:9-80:40
84            android:name="androidx.room.MultiInstanceInvalidationService"
84-->src\main\AndroidManifest.xml:78:13-74
85            android:directBootAware="true"
85-->src\main\AndroidManifest.xml:79:13-43
86            android:exported="false" />
86-->src\main\AndroidManifest.xml:80:13-37
87
88        <provider
88-->src\main\AndroidManifest.xml:82:9-92:20
89            android:name="androidx.startup.InitializationProvider"
89-->src\main\AndroidManifest.xml:83:13-67
90            android:authorities="com.example.globaltrainingapp_11.androidx-startup"
90-->src\main\AndroidManifest.xml:84:14-85
91            android:exported="false" >
91-->src\main\AndroidManifest.xml:85:13-37
92            <meta-data
92-->src\main\AndroidManifest.xml:86:13-88:52
93                android:name="androidx.emoji2.text.EmojiCompatInitializer"
93-->src\main\AndroidManifest.xml:87:17-75
94                android:value="androidx.startup" />
94-->src\main\AndroidManifest.xml:88:17-49
95            <meta-data
95-->src\main\AndroidManifest.xml:89:13-91:52
96                android:name="androidx.lifecycle.ProcessLifecycleInitializer"
96-->src\main\AndroidManifest.xml:90:17-78
97                android:value="androidx.startup" />
97-->src\main\AndroidManifest.xml:91:17-49
98        </provider>
99    </application>
100
101</manifest>